[2025-04-08T10:54:26.798+0000] {processor.py:186} INFO - Started process (PID=203) to work on /opt/airflow/dags/new_dag_postgres.py
[2025-04-08T10:54:26.799+0000] {processor.py:914} INFO - Processing file /opt/airflow/dags/new_dag_postgres.py for tasks to queue
[2025-04-08T10:54:26.804+0000] {logging_mixin.py:190} INFO - [2025-04-08T10:54:26.803+0000] {dagbag.py:588} INFO - Filling up the DagBag from /opt/airflow/dags/new_dag_postgres.py
[2025-04-08T10:54:26.832+0000] {logging_mixin.py:190} INFO - [2025-04-08T10:54:26.829+0000] {dagbag.py:387} ERROR - Failed to import: /opt/airflow/dags/new_dag_postgres.py
Traceback (most recent call last):
  File "/home/airflow/.local/lib/python3.12/site-packages/airflow/models/dagbag.py", line 383, in parse
    loader.exec_module(new_module)
  File "<frozen importlib._bootstrap_external>", line 999, in exec_module
  File "<frozen importlib._bootstrap>", line 488, in _call_with_frames_removed
  File "/opt/airflow/dags/new_dag_postgres.py", line 3, in <module>
    from airflow.providers.postgres.operators.postgres import PostgresOperator
ModuleNotFoundError: No module named 'airflow.providers.postgres.operators'
[2025-04-08T10:54:26.833+0000] {processor.py:927} WARNING - No viable dags retrieved from /opt/airflow/dags/new_dag_postgres.py
[2025-04-08T10:54:26.858+0000] {processor.py:208} INFO - Processing /opt/airflow/dags/new_dag_postgres.py took 0.079 seconds
[2025-04-08T10:54:57.854+0000] {processor.py:186} INFO - Started process (PID=239) to work on /opt/airflow/dags/new_dag_postgres.py
[2025-04-08T10:54:57.854+0000] {processor.py:914} INFO - Processing file /opt/airflow/dags/new_dag_postgres.py for tasks to queue
[2025-04-08T10:54:57.858+0000] {logging_mixin.py:190} INFO - [2025-04-08T10:54:57.857+0000] {dagbag.py:588} INFO - Filling up the DagBag from /opt/airflow/dags/new_dag_postgres.py
[2025-04-08T10:54:57.865+0000] {logging_mixin.py:190} INFO - [2025-04-08T10:54:57.863+0000] {dagbag.py:387} ERROR - Failed to import: /opt/airflow/dags/new_dag_postgres.py
Traceback (most recent call last):
  File "/home/airflow/.local/lib/python3.12/site-packages/airflow/models/dagbag.py", line 383, in parse
    loader.exec_module(new_module)
  File "<frozen importlib._bootstrap_external>", line 999, in exec_module
  File "<frozen importlib._bootstrap>", line 488, in _call_with_frames_removed
  File "/opt/airflow/dags/new_dag_postgres.py", line 3, in <module>
    from airflow.providers.postgres.operators.postgres import PostgresOperator
ModuleNotFoundError: No module named 'airflow.providers.postgres.operators'
[2025-04-08T10:54:57.865+0000] {processor.py:927} WARNING - No viable dags retrieved from /opt/airflow/dags/new_dag_postgres.py
[2025-04-08T10:54:57.899+0000] {processor.py:208} INFO - Processing /opt/airflow/dags/new_dag_postgres.py took 0.055 seconds
[2025-04-08T10:55:28.905+0000] {processor.py:186} INFO - Started process (PID=275) to work on /opt/airflow/dags/new_dag_postgres.py
[2025-04-08T10:55:28.908+0000] {processor.py:914} INFO - Processing file /opt/airflow/dags/new_dag_postgres.py for tasks to queue
[2025-04-08T10:55:28.913+0000] {logging_mixin.py:190} INFO - [2025-04-08T10:55:28.913+0000] {dagbag.py:588} INFO - Filling up the DagBag from /opt/airflow/dags/new_dag_postgres.py
[2025-04-08T10:55:28.921+0000] {logging_mixin.py:190} INFO - [2025-04-08T10:55:28.919+0000] {dagbag.py:387} ERROR - Failed to import: /opt/airflow/dags/new_dag_postgres.py
Traceback (most recent call last):
  File "/home/airflow/.local/lib/python3.12/site-packages/airflow/models/dagbag.py", line 383, in parse
    loader.exec_module(new_module)
  File "<frozen importlib._bootstrap_external>", line 999, in exec_module
  File "<frozen importlib._bootstrap>", line 488, in _call_with_frames_removed
  File "/opt/airflow/dags/new_dag_postgres.py", line 3, in <module>
    from airflow.providers.postgres.operators.postgres import PostgresOperator
ModuleNotFoundError: No module named 'airflow.providers.postgres.operators'
[2025-04-08T10:55:28.921+0000] {processor.py:927} WARNING - No viable dags retrieved from /opt/airflow/dags/new_dag_postgres.py
[2025-04-08T10:55:28.951+0000] {processor.py:208} INFO - Processing /opt/airflow/dags/new_dag_postgres.py took 0.054 seconds
[2025-04-08T10:55:59.942+0000] {processor.py:186} INFO - Started process (PID=311) to work on /opt/airflow/dags/new_dag_postgres.py
[2025-04-08T10:55:59.943+0000] {processor.py:914} INFO - Processing file /opt/airflow/dags/new_dag_postgres.py for tasks to queue
[2025-04-08T10:55:59.946+0000] {logging_mixin.py:190} INFO - [2025-04-08T10:55:59.946+0000] {dagbag.py:588} INFO - Filling up the DagBag from /opt/airflow/dags/new_dag_postgres.py
[2025-04-08T10:55:59.952+0000] {logging_mixin.py:190} INFO - [2025-04-08T10:55:59.950+0000] {dagbag.py:387} ERROR - Failed to import: /opt/airflow/dags/new_dag_postgres.py
Traceback (most recent call last):
  File "/home/airflow/.local/lib/python3.12/site-packages/airflow/models/dagbag.py", line 383, in parse
    loader.exec_module(new_module)
  File "<frozen importlib._bootstrap_external>", line 999, in exec_module
  File "<frozen importlib._bootstrap>", line 488, in _call_with_frames_removed
  File "/opt/airflow/dags/new_dag_postgres.py", line 3, in <module>
    from airflow.providers.postgres.operators.postgres import PostgresOperator
ModuleNotFoundError: No module named 'airflow.providers.postgres.operators'
[2025-04-08T10:55:59.952+0000] {processor.py:927} WARNING - No viable dags retrieved from /opt/airflow/dags/new_dag_postgres.py
[2025-04-08T10:55:59.969+0000] {processor.py:208} INFO - Processing /opt/airflow/dags/new_dag_postgres.py took 0.034 seconds
[2025-04-08T10:56:30.751+0000] {processor.py:186} INFO - Started process (PID=347) to work on /opt/airflow/dags/new_dag_postgres.py
[2025-04-08T10:56:30.752+0000] {processor.py:914} INFO - Processing file /opt/airflow/dags/new_dag_postgres.py for tasks to queue
[2025-04-08T10:56:30.756+0000] {logging_mixin.py:190} INFO - [2025-04-08T10:56:30.756+0000] {dagbag.py:588} INFO - Filling up the DagBag from /opt/airflow/dags/new_dag_postgres.py
[2025-04-08T10:56:30.764+0000] {logging_mixin.py:190} INFO - [2025-04-08T10:56:30.763+0000] {dagbag.py:387} ERROR - Failed to import: /opt/airflow/dags/new_dag_postgres.py
Traceback (most recent call last):
  File "/home/airflow/.local/lib/python3.12/site-packages/airflow/models/dagbag.py", line 383, in parse
    loader.exec_module(new_module)
  File "<frozen importlib._bootstrap_external>", line 999, in exec_module
  File "<frozen importlib._bootstrap>", line 488, in _call_with_frames_removed
  File "/opt/airflow/dags/new_dag_postgres.py", line 3, in <module>
    from airflow.providers.postgres.operators.postgres import PostgresOperator
ModuleNotFoundError: No module named 'airflow.providers.postgres.operators'
[2025-04-08T10:56:30.765+0000] {processor.py:927} WARNING - No viable dags retrieved from /opt/airflow/dags/new_dag_postgres.py
[2025-04-08T10:56:30.777+0000] {processor.py:208} INFO - Processing /opt/airflow/dags/new_dag_postgres.py took 0.036 seconds
[2025-04-08T10:57:01.662+0000] {processor.py:186} INFO - Started process (PID=383) to work on /opt/airflow/dags/new_dag_postgres.py
[2025-04-08T10:57:01.663+0000] {processor.py:914} INFO - Processing file /opt/airflow/dags/new_dag_postgres.py for tasks to queue
[2025-04-08T10:57:01.675+0000] {logging_mixin.py:190} INFO - [2025-04-08T10:57:01.675+0000] {dagbag.py:588} INFO - Filling up the DagBag from /opt/airflow/dags/new_dag_postgres.py
[2025-04-08T10:57:01.683+0000] {logging_mixin.py:190} INFO - [2025-04-08T10:57:01.681+0000] {dagbag.py:387} ERROR - Failed to import: /opt/airflow/dags/new_dag_postgres.py
Traceback (most recent call last):
  File "/home/airflow/.local/lib/python3.12/site-packages/airflow/models/dagbag.py", line 383, in parse
    loader.exec_module(new_module)
  File "<frozen importlib._bootstrap_external>", line 999, in exec_module
  File "<frozen importlib._bootstrap>", line 488, in _call_with_frames_removed
  File "/opt/airflow/dags/new_dag_postgres.py", line 3, in <module>
    from airflow.providers.postgres.operators.postgres import PostgresOperator
ModuleNotFoundError: No module named 'airflow.providers.postgres.operators'
[2025-04-08T10:57:01.683+0000] {processor.py:927} WARNING - No viable dags retrieved from /opt/airflow/dags/new_dag_postgres.py
[2025-04-08T10:57:01.712+0000] {processor.py:208} INFO - Processing /opt/airflow/dags/new_dag_postgres.py took 0.063 seconds
[2025-04-08T10:57:31.812+0000] {processor.py:186} INFO - Started process (PID=419) to work on /opt/airflow/dags/new_dag_postgres.py
[2025-04-08T10:57:31.817+0000] {processor.py:914} INFO - Processing file /opt/airflow/dags/new_dag_postgres.py for tasks to queue
[2025-04-08T10:57:31.826+0000] {logging_mixin.py:190} INFO - [2025-04-08T10:57:31.825+0000] {dagbag.py:588} INFO - Filling up the DagBag from /opt/airflow/dags/new_dag_postgres.py
[2025-04-08T10:57:31.836+0000] {logging_mixin.py:190} INFO - [2025-04-08T10:57:31.834+0000] {dagbag.py:387} ERROR - Failed to import: /opt/airflow/dags/new_dag_postgres.py
Traceback (most recent call last):
  File "/home/airflow/.local/lib/python3.12/site-packages/airflow/models/dagbag.py", line 383, in parse
    loader.exec_module(new_module)
  File "<frozen importlib._bootstrap_external>", line 999, in exec_module
  File "<frozen importlib._bootstrap>", line 488, in _call_with_frames_removed
  File "/opt/airflow/dags/new_dag_postgres.py", line 3, in <module>
    from airflow.providers.postgres.operators.postgres import PostgresOperator
ModuleNotFoundError: No module named 'airflow.providers.postgres.operators'
[2025-04-08T10:57:31.836+0000] {processor.py:927} WARNING - No viable dags retrieved from /opt/airflow/dags/new_dag_postgres.py
[2025-04-08T10:57:31.869+0000] {processor.py:208} INFO - Processing /opt/airflow/dags/new_dag_postgres.py took 0.069 seconds
[2025-04-08T10:58:02.887+0000] {processor.py:186} INFO - Started process (PID=455) to work on /opt/airflow/dags/new_dag_postgres.py
[2025-04-08T10:58:02.889+0000] {processor.py:914} INFO - Processing file /opt/airflow/dags/new_dag_postgres.py for tasks to queue
[2025-04-08T10:58:02.895+0000] {logging_mixin.py:190} INFO - [2025-04-08T10:58:02.894+0000] {dagbag.py:588} INFO - Filling up the DagBag from /opt/airflow/dags/new_dag_postgres.py
[2025-04-08T10:58:02.903+0000] {logging_mixin.py:190} INFO - [2025-04-08T10:58:02.900+0000] {dagbag.py:387} ERROR - Failed to import: /opt/airflow/dags/new_dag_postgres.py
Traceback (most recent call last):
  File "/home/airflow/.local/lib/python3.12/site-packages/airflow/models/dagbag.py", line 383, in parse
    loader.exec_module(new_module)
  File "<frozen importlib._bootstrap_external>", line 999, in exec_module
  File "<frozen importlib._bootstrap>", line 488, in _call_with_frames_removed
  File "/opt/airflow/dags/new_dag_postgres.py", line 3, in <module>
    from airflow.providers.postgres.operators.postgres import PostgresOperator
ModuleNotFoundError: No module named 'airflow.providers.postgres.operators'
[2025-04-08T10:58:02.903+0000] {processor.py:927} WARNING - No viable dags retrieved from /opt/airflow/dags/new_dag_postgres.py
[2025-04-08T10:58:02.925+0000] {processor.py:208} INFO - Processing /opt/airflow/dags/new_dag_postgres.py took 0.048 seconds
[2025-04-08T10:58:33.941+0000] {processor.py:186} INFO - Started process (PID=491) to work on /opt/airflow/dags/new_dag_postgres.py
[2025-04-08T10:58:33.942+0000] {processor.py:914} INFO - Processing file /opt/airflow/dags/new_dag_postgres.py for tasks to queue
[2025-04-08T10:58:33.947+0000] {logging_mixin.py:190} INFO - [2025-04-08T10:58:33.946+0000] {dagbag.py:588} INFO - Filling up the DagBag from /opt/airflow/dags/new_dag_postgres.py
[2025-04-08T10:58:33.955+0000] {logging_mixin.py:190} INFO - [2025-04-08T10:58:33.953+0000] {dagbag.py:387} ERROR - Failed to import: /opt/airflow/dags/new_dag_postgres.py
Traceback (most recent call last):
  File "/home/airflow/.local/lib/python3.12/site-packages/airflow/models/dagbag.py", line 383, in parse
    loader.exec_module(new_module)
  File "<frozen importlib._bootstrap_external>", line 999, in exec_module
  File "<frozen importlib._bootstrap>", line 488, in _call_with_frames_removed
  File "/opt/airflow/dags/new_dag_postgres.py", line 3, in <module>
    from airflow.providers.postgres.operators.postgres import PostgresOperator
ModuleNotFoundError: No module named 'airflow.providers.postgres.operators'
[2025-04-08T10:58:33.955+0000] {processor.py:927} WARNING - No viable dags retrieved from /opt/airflow/dags/new_dag_postgres.py
[2025-04-08T10:58:33.981+0000] {processor.py:208} INFO - Processing /opt/airflow/dags/new_dag_postgres.py took 0.055 seconds
[2025-04-08T10:59:05.029+0000] {processor.py:186} INFO - Started process (PID=527) to work on /opt/airflow/dags/new_dag_postgres.py
[2025-04-08T10:59:05.030+0000] {processor.py:914} INFO - Processing file /opt/airflow/dags/new_dag_postgres.py for tasks to queue
[2025-04-08T10:59:05.034+0000] {logging_mixin.py:190} INFO - [2025-04-08T10:59:05.034+0000] {dagbag.py:588} INFO - Filling up the DagBag from /opt/airflow/dags/new_dag_postgres.py
[2025-04-08T10:59:05.041+0000] {logging_mixin.py:190} INFO - [2025-04-08T10:59:05.039+0000] {dagbag.py:387} ERROR - Failed to import: /opt/airflow/dags/new_dag_postgres.py
Traceback (most recent call last):
  File "/home/airflow/.local/lib/python3.12/site-packages/airflow/models/dagbag.py", line 383, in parse
    loader.exec_module(new_module)
  File "<frozen importlib._bootstrap_external>", line 999, in exec_module
  File "<frozen importlib._bootstrap>", line 488, in _call_with_frames_removed
  File "/opt/airflow/dags/new_dag_postgres.py", line 3, in <module>
    from airflow.providers.postgres.operators.postgres import PostgresOperator
ModuleNotFoundError: No module named 'airflow.providers.postgres.operators'
[2025-04-08T10:59:05.041+0000] {processor.py:927} WARNING - No viable dags retrieved from /opt/airflow/dags/new_dag_postgres.py
[2025-04-08T10:59:05.069+0000] {processor.py:208} INFO - Processing /opt/airflow/dags/new_dag_postgres.py took 0.050 seconds
[2025-04-08T10:59:35.140+0000] {processor.py:186} INFO - Started process (PID=563) to work on /opt/airflow/dags/new_dag_postgres.py
[2025-04-08T10:59:35.142+0000] {processor.py:914} INFO - Processing file /opt/airflow/dags/new_dag_postgres.py for tasks to queue
[2025-04-08T10:59:35.148+0000] {logging_mixin.py:190} INFO - [2025-04-08T10:59:35.148+0000] {dagbag.py:588} INFO - Filling up the DagBag from /opt/airflow/dags/new_dag_postgres.py
[2025-04-08T10:59:35.156+0000] {logging_mixin.py:190} INFO - [2025-04-08T10:59:35.154+0000] {dagbag.py:387} ERROR - Failed to import: /opt/airflow/dags/new_dag_postgres.py
Traceback (most recent call last):
  File "/home/airflow/.local/lib/python3.12/site-packages/airflow/models/dagbag.py", line 383, in parse
    loader.exec_module(new_module)
  File "<frozen importlib._bootstrap_external>", line 999, in exec_module
  File "<frozen importlib._bootstrap>", line 488, in _call_with_frames_removed
  File "/opt/airflow/dags/new_dag_postgres.py", line 3, in <module>
    from airflow.providers.postgres.operators.postgres import PostgresOperator
ModuleNotFoundError: No module named 'airflow.providers.postgres.operators'
[2025-04-08T10:59:35.157+0000] {processor.py:927} WARNING - No viable dags retrieved from /opt/airflow/dags/new_dag_postgres.py
[2025-04-08T10:59:35.183+0000] {processor.py:208} INFO - Processing /opt/airflow/dags/new_dag_postgres.py took 0.056 seconds
[2025-04-08T11:00:06.236+0000] {processor.py:186} INFO - Started process (PID=599) to work on /opt/airflow/dags/new_dag_postgres.py
[2025-04-08T11:00:06.237+0000] {processor.py:914} INFO - Processing file /opt/airflow/dags/new_dag_postgres.py for tasks to queue
[2025-04-08T11:00:06.240+0000] {logging_mixin.py:190} INFO - [2025-04-08T11:00:06.239+0000] {dagbag.py:588} INFO - Filling up the DagBag from /opt/airflow/dags/new_dag_postgres.py
[2025-04-08T11:00:06.246+0000] {logging_mixin.py:190} INFO - [2025-04-08T11:00:06.244+0000] {dagbag.py:387} ERROR - Failed to import: /opt/airflow/dags/new_dag_postgres.py
Traceback (most recent call last):
  File "/home/airflow/.local/lib/python3.12/site-packages/airflow/models/dagbag.py", line 383, in parse
    loader.exec_module(new_module)
  File "<frozen importlib._bootstrap_external>", line 999, in exec_module
  File "<frozen importlib._bootstrap>", line 488, in _call_with_frames_removed
  File "/opt/airflow/dags/new_dag_postgres.py", line 3, in <module>
    from airflow.providers.postgres.operators.postgres import PostgresOperator
ModuleNotFoundError: No module named 'airflow.providers.postgres.operators'
[2025-04-08T11:00:06.247+0000] {processor.py:927} WARNING - No viable dags retrieved from /opt/airflow/dags/new_dag_postgres.py
[2025-04-08T11:00:06.272+0000] {processor.py:208} INFO - Processing /opt/airflow/dags/new_dag_postgres.py took 0.048 seconds
[2025-04-08T11:00:36.341+0000] {processor.py:186} INFO - Started process (PID=635) to work on /opt/airflow/dags/new_dag_postgres.py
[2025-04-08T11:00:36.343+0000] {processor.py:914} INFO - Processing file /opt/airflow/dags/new_dag_postgres.py for tasks to queue
[2025-04-08T11:00:36.348+0000] {logging_mixin.py:190} INFO - [2025-04-08T11:00:36.347+0000] {dagbag.py:588} INFO - Filling up the DagBag from /opt/airflow/dags/new_dag_postgres.py
[2025-04-08T11:00:36.357+0000] {logging_mixin.py:190} INFO - [2025-04-08T11:00:36.356+0000] {dagbag.py:387} ERROR - Failed to import: /opt/airflow/dags/new_dag_postgres.py
Traceback (most recent call last):
  File "/home/airflow/.local/lib/python3.12/site-packages/airflow/models/dagbag.py", line 383, in parse
    loader.exec_module(new_module)
  File "<frozen importlib._bootstrap_external>", line 999, in exec_module
  File "<frozen importlib._bootstrap>", line 488, in _call_with_frames_removed
  File "/opt/airflow/dags/new_dag_postgres.py", line 3, in <module>
    from airflow.providers.postgres.operators.postgres import PostgresOperator
ModuleNotFoundError: No module named 'airflow.providers.postgres.operators'
[2025-04-08T11:00:36.358+0000] {processor.py:927} WARNING - No viable dags retrieved from /opt/airflow/dags/new_dag_postgres.py
[2025-04-08T11:00:36.377+0000] {processor.py:208} INFO - Processing /opt/airflow/dags/new_dag_postgres.py took 0.046 seconds
[2025-04-08T11:01:07.423+0000] {processor.py:186} INFO - Started process (PID=671) to work on /opt/airflow/dags/new_dag_postgres.py
[2025-04-08T11:01:07.424+0000] {processor.py:914} INFO - Processing file /opt/airflow/dags/new_dag_postgres.py for tasks to queue
[2025-04-08T11:01:07.428+0000] {logging_mixin.py:190} INFO - [2025-04-08T11:01:07.427+0000] {dagbag.py:588} INFO - Filling up the DagBag from /opt/airflow/dags/new_dag_postgres.py
[2025-04-08T11:01:07.433+0000] {logging_mixin.py:190} INFO - [2025-04-08T11:01:07.432+0000] {dagbag.py:387} ERROR - Failed to import: /opt/airflow/dags/new_dag_postgres.py
Traceback (most recent call last):
  File "/home/airflow/.local/lib/python3.12/site-packages/airflow/models/dagbag.py", line 383, in parse
    loader.exec_module(new_module)
  File "<frozen importlib._bootstrap_external>", line 999, in exec_module
  File "<frozen importlib._bootstrap>", line 488, in _call_with_frames_removed
  File "/opt/airflow/dags/new_dag_postgres.py", line 3, in <module>
    from airflow.providers.postgres.operators.postgres import PostgresOperator
ModuleNotFoundError: No module named 'airflow.providers.postgres.operators'
[2025-04-08T11:01:07.434+0000] {processor.py:927} WARNING - No viable dags retrieved from /opt/airflow/dags/new_dag_postgres.py
[2025-04-08T11:01:07.458+0000] {processor.py:208} INFO - Processing /opt/airflow/dags/new_dag_postgres.py took 0.044 seconds
[2025-04-08T11:01:38.523+0000] {processor.py:186} INFO - Started process (PID=707) to work on /opt/airflow/dags/new_dag_postgres.py
[2025-04-08T11:01:38.526+0000] {processor.py:914} INFO - Processing file /opt/airflow/dags/new_dag_postgres.py for tasks to queue
[2025-04-08T11:01:38.531+0000] {logging_mixin.py:190} INFO - [2025-04-08T11:01:38.531+0000] {dagbag.py:588} INFO - Filling up the DagBag from /opt/airflow/dags/new_dag_postgres.py
[2025-04-08T11:01:38.538+0000] {logging_mixin.py:190} INFO - [2025-04-08T11:01:38.536+0000] {dagbag.py:387} ERROR - Failed to import: /opt/airflow/dags/new_dag_postgres.py
Traceback (most recent call last):
  File "/home/airflow/.local/lib/python3.12/site-packages/airflow/models/dagbag.py", line 383, in parse
    loader.exec_module(new_module)
  File "<frozen importlib._bootstrap_external>", line 999, in exec_module
  File "<frozen importlib._bootstrap>", line 488, in _call_with_frames_removed
  File "/opt/airflow/dags/new_dag_postgres.py", line 3, in <module>
    from airflow.providers.postgres.operators.postgres import PostgresOperator
ModuleNotFoundError: No module named 'airflow.providers.postgres.operators'
[2025-04-08T11:01:38.539+0000] {processor.py:927} WARNING - No viable dags retrieved from /opt/airflow/dags/new_dag_postgres.py
[2025-04-08T11:01:38.571+0000] {processor.py:208} INFO - Processing /opt/airflow/dags/new_dag_postgres.py took 0.071 seconds
[2025-04-08T11:02:09.626+0000] {processor.py:186} INFO - Started process (PID=743) to work on /opt/airflow/dags/new_dag_postgres.py
[2025-04-08T11:02:09.630+0000] {processor.py:914} INFO - Processing file /opt/airflow/dags/new_dag_postgres.py for tasks to queue
[2025-04-08T11:02:09.635+0000] {logging_mixin.py:190} INFO - [2025-04-08T11:02:09.635+0000] {dagbag.py:588} INFO - Filling up the DagBag from /opt/airflow/dags/new_dag_postgres.py
[2025-04-08T11:02:09.643+0000] {logging_mixin.py:190} INFO - [2025-04-08T11:02:09.641+0000] {dagbag.py:387} ERROR - Failed to import: /opt/airflow/dags/new_dag_postgres.py
Traceback (most recent call last):
  File "/home/airflow/.local/lib/python3.12/site-packages/airflow/models/dagbag.py", line 383, in parse
    loader.exec_module(new_module)
  File "<frozen importlib._bootstrap_external>", line 999, in exec_module
  File "<frozen importlib._bootstrap>", line 488, in _call_with_frames_removed
  File "/opt/airflow/dags/new_dag_postgres.py", line 3, in <module>
    from airflow.providers.postgres.operators.postgres import PostgresOperator
ModuleNotFoundError: No module named 'airflow.providers.postgres.operators'
[2025-04-08T11:02:09.644+0000] {processor.py:927} WARNING - No viable dags retrieved from /opt/airflow/dags/new_dag_postgres.py
[2025-04-08T11:02:09.666+0000] {processor.py:208} INFO - Processing /opt/airflow/dags/new_dag_postgres.py took 0.064 seconds
[2025-04-08T11:02:40.709+0000] {processor.py:186} INFO - Started process (PID=778) to work on /opt/airflow/dags/new_dag_postgres.py
[2025-04-08T11:02:40.712+0000] {processor.py:914} INFO - Processing file /opt/airflow/dags/new_dag_postgres.py for tasks to queue
[2025-04-08T11:02:40.715+0000] {logging_mixin.py:190} INFO - [2025-04-08T11:02:40.715+0000] {dagbag.py:588} INFO - Filling up the DagBag from /opt/airflow/dags/new_dag_postgres.py
[2025-04-08T11:02:40.723+0000] {logging_mixin.py:190} INFO - [2025-04-08T11:02:40.721+0000] {dagbag.py:387} ERROR - Failed to import: /opt/airflow/dags/new_dag_postgres.py
Traceback (most recent call last):
  File "/home/airflow/.local/lib/python3.12/site-packages/airflow/models/dagbag.py", line 383, in parse
    loader.exec_module(new_module)
  File "<frozen importlib._bootstrap_external>", line 999, in exec_module
  File "<frozen importlib._bootstrap>", line 488, in _call_with_frames_removed
  File "/opt/airflow/dags/new_dag_postgres.py", line 3, in <module>
    from airflow.providers.postgres.operators.postgres import PostgresOperator
ModuleNotFoundError: No module named 'airflow.providers.postgres.operators'
[2025-04-08T11:02:40.723+0000] {processor.py:927} WARNING - No viable dags retrieved from /opt/airflow/dags/new_dag_postgres.py
[2025-04-08T11:02:40.740+0000] {processor.py:208} INFO - Processing /opt/airflow/dags/new_dag_postgres.py took 0.045 seconds
[2025-04-08T11:03:11.625+0000] {processor.py:186} INFO - Started process (PID=814) to work on /opt/airflow/dags/new_dag_postgres.py
[2025-04-08T11:03:11.627+0000] {processor.py:914} INFO - Processing file /opt/airflow/dags/new_dag_postgres.py for tasks to queue
[2025-04-08T11:03:11.632+0000] {logging_mixin.py:190} INFO - [2025-04-08T11:03:11.631+0000] {dagbag.py:588} INFO - Filling up the DagBag from /opt/airflow/dags/new_dag_postgres.py
[2025-04-08T11:03:11.641+0000] {logging_mixin.py:190} INFO - [2025-04-08T11:03:11.639+0000] {dagbag.py:387} ERROR - Failed to import: /opt/airflow/dags/new_dag_postgres.py
Traceback (most recent call last):
  File "/home/airflow/.local/lib/python3.12/site-packages/airflow/models/dagbag.py", line 383, in parse
    loader.exec_module(new_module)
  File "<frozen importlib._bootstrap_external>", line 999, in exec_module
  File "<frozen importlib._bootstrap>", line 488, in _call_with_frames_removed
  File "/opt/airflow/dags/new_dag_postgres.py", line 3, in <module>
    from airflow.providers.postgres.operators.postgres import PostgresOperator
ModuleNotFoundError: No module named 'airflow.providers.postgres.operators'
[2025-04-08T11:03:11.641+0000] {processor.py:927} WARNING - No viable dags retrieved from /opt/airflow/dags/new_dag_postgres.py
[2025-04-08T11:03:11.667+0000] {processor.py:208} INFO - Processing /opt/airflow/dags/new_dag_postgres.py took 0.051 seconds
[2025-04-08T11:03:42.651+0000] {processor.py:186} INFO - Started process (PID=850) to work on /opt/airflow/dags/new_dag_postgres.py
[2025-04-08T11:03:42.652+0000] {processor.py:914} INFO - Processing file /opt/airflow/dags/new_dag_postgres.py for tasks to queue
[2025-04-08T11:03:42.656+0000] {logging_mixin.py:190} INFO - [2025-04-08T11:03:42.656+0000] {dagbag.py:588} INFO - Filling up the DagBag from /opt/airflow/dags/new_dag_postgres.py
[2025-04-08T11:03:42.665+0000] {logging_mixin.py:190} INFO - [2025-04-08T11:03:42.661+0000] {dagbag.py:387} ERROR - Failed to import: /opt/airflow/dags/new_dag_postgres.py
Traceback (most recent call last):
  File "/home/airflow/.local/lib/python3.12/site-packages/airflow/models/dagbag.py", line 383, in parse
    loader.exec_module(new_module)
  File "<frozen importlib._bootstrap_external>", line 999, in exec_module
  File "<frozen importlib._bootstrap>", line 488, in _call_with_frames_removed
  File "/opt/airflow/dags/new_dag_postgres.py", line 3, in <module>
    from airflow.providers.postgres.operators.postgres import PostgresOperator
ModuleNotFoundError: No module named 'airflow.providers.postgres.operators'
[2025-04-08T11:03:42.665+0000] {processor.py:927} WARNING - No viable dags retrieved from /opt/airflow/dags/new_dag_postgres.py
[2025-04-08T11:03:42.685+0000] {processor.py:208} INFO - Processing /opt/airflow/dags/new_dag_postgres.py took 0.045 seconds
[2025-04-08T11:04:12.840+0000] {processor.py:186} INFO - Started process (PID=886) to work on /opt/airflow/dags/new_dag_postgres.py
[2025-04-08T11:04:12.841+0000] {processor.py:914} INFO - Processing file /opt/airflow/dags/new_dag_postgres.py for tasks to queue
[2025-04-08T11:04:12.845+0000] {logging_mixin.py:190} INFO - [2025-04-08T11:04:12.844+0000] {dagbag.py:588} INFO - Filling up the DagBag from /opt/airflow/dags/new_dag_postgres.py
[2025-04-08T11:04:12.852+0000] {logging_mixin.py:190} INFO - [2025-04-08T11:04:12.850+0000] {dagbag.py:387} ERROR - Failed to import: /opt/airflow/dags/new_dag_postgres.py
Traceback (most recent call last):
  File "/home/airflow/.local/lib/python3.12/site-packages/airflow/models/dagbag.py", line 383, in parse
    loader.exec_module(new_module)
  File "<frozen importlib._bootstrap_external>", line 999, in exec_module
  File "<frozen importlib._bootstrap>", line 488, in _call_with_frames_removed
  File "/opt/airflow/dags/new_dag_postgres.py", line 3, in <module>
    from airflow.providers.postgres.operators.postgres import PostgresOperator
ModuleNotFoundError: No module named 'airflow.providers.postgres.operators'
[2025-04-08T11:04:12.852+0000] {processor.py:927} WARNING - No viable dags retrieved from /opt/airflow/dags/new_dag_postgres.py
[2025-04-08T11:04:12.878+0000] {processor.py:208} INFO - Processing /opt/airflow/dags/new_dag_postgres.py took 0.050 seconds
[2025-04-08T11:04:43.908+0000] {processor.py:186} INFO - Started process (PID=922) to work on /opt/airflow/dags/new_dag_postgres.py
[2025-04-08T11:04:43.911+0000] {processor.py:914} INFO - Processing file /opt/airflow/dags/new_dag_postgres.py for tasks to queue
[2025-04-08T11:04:43.918+0000] {logging_mixin.py:190} INFO - [2025-04-08T11:04:43.918+0000] {dagbag.py:588} INFO - Filling up the DagBag from /opt/airflow/dags/new_dag_postgres.py
[2025-04-08T11:04:43.930+0000] {logging_mixin.py:190} INFO - [2025-04-08T11:04:43.925+0000] {dagbag.py:387} ERROR - Failed to import: /opt/airflow/dags/new_dag_postgres.py
Traceback (most recent call last):
  File "/home/airflow/.local/lib/python3.12/site-packages/airflow/models/dagbag.py", line 383, in parse
    loader.exec_module(new_module)
  File "<frozen importlib._bootstrap_external>", line 999, in exec_module
  File "<frozen importlib._bootstrap>", line 488, in _call_with_frames_removed
  File "/opt/airflow/dags/new_dag_postgres.py", line 3, in <module>
    from airflow.providers.postgres.operators.postgres import PostgresOperator
ModuleNotFoundError: No module named 'airflow.providers.postgres.operators'
[2025-04-08T11:04:43.930+0000] {processor.py:927} WARNING - No viable dags retrieved from /opt/airflow/dags/new_dag_postgres.py
[2025-04-08T11:04:43.962+0000] {processor.py:208} INFO - Processing /opt/airflow/dags/new_dag_postgres.py took 0.070 seconds
[2025-04-08T11:05:04.862+0000] {processor.py:186} INFO - Started process (PID=958) to work on /opt/airflow/dags/new_dag_postgres.py
[2025-04-08T11:05:04.864+0000] {processor.py:914} INFO - Processing file /opt/airflow/dags/new_dag_postgres.py for tasks to queue
[2025-04-08T11:05:04.865+0000] {logging_mixin.py:190} INFO - [2025-04-08T11:05:04.865+0000] {dagbag.py:588} INFO - Filling up the DagBag from /opt/airflow/dags/new_dag_postgres.py
[2025-04-08T11:05:04.874+0000] {logging_mixin.py:190} INFO - [2025-04-08T11:05:04.872+0000] {dagbag.py:387} ERROR - Failed to import: /opt/airflow/dags/new_dag_postgres.py
Traceback (most recent call last):
  File "/home/airflow/.local/lib/python3.12/site-packages/airflow/utils/deprecation_tools.py", line 56, in getattr_with_deprecation
    return getattr(importlib.import_module(new_module), new_class_name)
                   ^^^^^^^^^^^^^^^^^^^^^^^^^^^^^^^^^^^
  File "/usr/local/lib/python3.12/importlib/__init__.py", line 90, in import_module
    return _bootstrap._gcd_import(name[level:], package, level)
           ^^^^^^^^^^^^^^^^^^^^^^^^^^^^^^^^^^^^^^^^^^^^^^^^^^^^
  File "<frozen importlib._bootstrap>", line 1387, in _gcd_import
  File "<frozen importlib._bootstrap>", line 1360, in _find_and_load
  File "<frozen importlib._bootstrap>", line 1310, in _find_and_load_unlocked
  File "<frozen importlib._bootstrap>", line 488, in _call_with_frames_removed
  File "<frozen importlib._bootstrap>", line 1387, in _gcd_import
  File "<frozen importlib._bootstrap>", line 1360, in _find_and_load
  File "<frozen importlib._bootstrap>", line 1324, in _find_and_load_unlocked
ModuleNotFoundError: No module named 'airflow.providers.postgres.operators'

The above exception was the direct cause of the following exception:

Traceback (most recent call last):
  File "/home/airflow/.local/lib/python3.12/site-packages/airflow/models/dagbag.py", line 383, in parse
    loader.exec_module(new_module)
  File "<frozen importlib._bootstrap_external>", line 999, in exec_module
  File "<frozen importlib._bootstrap>", line 488, in _call_with_frames_removed
  File "/opt/airflow/dags/new_dag_postgres.py", line 3, in <module>
    from airflow.operators.postgres_operator import PostgresOperator
  File "/home/airflow/.local/lib/python3.12/site-packages/airflow/utils/deprecation_tools.py", line 63, in getattr_with_deprecation
    raise ImportError(error_message) from e
ImportError: Could not import `airflow.providers.postgres.operators.postgres.PostgresOperator` while trying to import `airflow.operators.postgres_operator.PostgresOperator`.
[2025-04-08T11:05:04.874+0000] {processor.py:927} WARNING - No viable dags retrieved from /opt/airflow/dags/new_dag_postgres.py
[2025-04-08T11:05:04.886+0000] {processor.py:208} INFO - Processing /opt/airflow/dags/new_dag_postgres.py took 0.030 seconds
[2025-04-08T11:05:35.905+0000] {processor.py:186} INFO - Started process (PID=994) to work on /opt/airflow/dags/new_dag_postgres.py
[2025-04-08T11:05:35.906+0000] {processor.py:914} INFO - Processing file /opt/airflow/dags/new_dag_postgres.py for tasks to queue
[2025-04-08T11:05:35.908+0000] {logging_mixin.py:190} INFO - [2025-04-08T11:05:35.908+0000] {dagbag.py:588} INFO - Filling up the DagBag from /opt/airflow/dags/new_dag_postgres.py
[2025-04-08T11:05:35.913+0000] {logging_mixin.py:190} INFO - [2025-04-08T11:05:35.911+0000] {dagbag.py:387} ERROR - Failed to import: /opt/airflow/dags/new_dag_postgres.py
Traceback (most recent call last):
  File "/home/airflow/.local/lib/python3.12/site-packages/airflow/utils/deprecation_tools.py", line 56, in getattr_with_deprecation
    return getattr(importlib.import_module(new_module), new_class_name)
                   ^^^^^^^^^^^^^^^^^^^^^^^^^^^^^^^^^^^
  File "/usr/local/lib/python3.12/importlib/__init__.py", line 90, in import_module
    return _bootstrap._gcd_import(name[level:], package, level)
           ^^^^^^^^^^^^^^^^^^^^^^^^^^^^^^^^^^^^^^^^^^^^^^^^^^^^
  File "<frozen importlib._bootstrap>", line 1387, in _gcd_import
  File "<frozen importlib._bootstrap>", line 1360, in _find_and_load
  File "<frozen importlib._bootstrap>", line 1310, in _find_and_load_unlocked
  File "<frozen importlib._bootstrap>", line 488, in _call_with_frames_removed
  File "<frozen importlib._bootstrap>", line 1387, in _gcd_import
  File "<frozen importlib._bootstrap>", line 1360, in _find_and_load
  File "<frozen importlib._bootstrap>", line 1324, in _find_and_load_unlocked
ModuleNotFoundError: No module named 'airflow.providers.postgres.operators'

The above exception was the direct cause of the following exception:

Traceback (most recent call last):
  File "/home/airflow/.local/lib/python3.12/site-packages/airflow/models/dagbag.py", line 383, in parse
    loader.exec_module(new_module)
  File "<frozen importlib._bootstrap_external>", line 999, in exec_module
  File "<frozen importlib._bootstrap>", line 488, in _call_with_frames_removed
  File "/opt/airflow/dags/new_dag_postgres.py", line 3, in <module>
    from airflow.operators.postgres_operator import PostgresOperator
  File "/home/airflow/.local/lib/python3.12/site-packages/airflow/utils/deprecation_tools.py", line 63, in getattr_with_deprecation
    raise ImportError(error_message) from e
ImportError: Could not import `airflow.providers.postgres.operators.postgres.PostgresOperator` while trying to import `airflow.operators.postgres_operator.PostgresOperator`.
[2025-04-08T11:05:35.914+0000] {processor.py:927} WARNING - No viable dags retrieved from /opt/airflow/dags/new_dag_postgres.py
[2025-04-08T11:05:35.926+0000] {processor.py:208} INFO - Processing /opt/airflow/dags/new_dag_postgres.py took 0.026 seconds
[2025-04-08T11:07:23.134+0000] {processor.py:186} INFO - Started process (PID=194) to work on /opt/airflow/dags/new_dag_postgres.py
[2025-04-08T11:07:23.135+0000] {processor.py:914} INFO - Processing file /opt/airflow/dags/new_dag_postgres.py for tasks to queue
[2025-04-08T11:07:23.139+0000] {logging_mixin.py:190} INFO - [2025-04-08T11:07:23.139+0000] {dagbag.py:588} INFO - Filling up the DagBag from /opt/airflow/dags/new_dag_postgres.py
[2025-04-08T11:07:23.147+0000] {logging_mixin.py:190} INFO - [2025-04-08T11:07:23.143+0000] {dagbag.py:387} ERROR - Failed to import: /opt/airflow/dags/new_dag_postgres.py
Traceback (most recent call last):
  File "/home/airflow/.local/lib/python3.12/site-packages/airflow/utils/deprecation_tools.py", line 56, in getattr_with_deprecation
    return getattr(importlib.import_module(new_module), new_class_name)
                   ^^^^^^^^^^^^^^^^^^^^^^^^^^^^^^^^^^^
  File "/usr/local/lib/python3.12/importlib/__init__.py", line 90, in import_module
    return _bootstrap._gcd_import(name[level:], package, level)
           ^^^^^^^^^^^^^^^^^^^^^^^^^^^^^^^^^^^^^^^^^^^^^^^^^^^^
  File "<frozen importlib._bootstrap>", line 1387, in _gcd_import
  File "<frozen importlib._bootstrap>", line 1360, in _find_and_load
  File "<frozen importlib._bootstrap>", line 1310, in _find_and_load_unlocked
  File "<frozen importlib._bootstrap>", line 488, in _call_with_frames_removed
  File "<frozen importlib._bootstrap>", line 1387, in _gcd_import
  File "<frozen importlib._bootstrap>", line 1360, in _find_and_load
  File "<frozen importlib._bootstrap>", line 1324, in _find_and_load_unlocked
ModuleNotFoundError: No module named 'airflow.providers.postgres.operators'

The above exception was the direct cause of the following exception:

Traceback (most recent call last):
  File "/home/airflow/.local/lib/python3.12/site-packages/airflow/models/dagbag.py", line 383, in parse
    loader.exec_module(new_module)
  File "<frozen importlib._bootstrap_external>", line 999, in exec_module
  File "<frozen importlib._bootstrap>", line 488, in _call_with_frames_removed
  File "/opt/airflow/dags/new_dag_postgres.py", line 3, in <module>
    from airflow.operators.postgres_operator import PostgresOperator
  File "/home/airflow/.local/lib/python3.12/site-packages/airflow/utils/deprecation_tools.py", line 63, in getattr_with_deprecation
    raise ImportError(error_message) from e
ImportError: Could not import `airflow.providers.postgres.operators.postgres.PostgresOperator` while trying to import `airflow.operators.postgres_operator.PostgresOperator`.
[2025-04-08T11:07:23.148+0000] {processor.py:927} WARNING - No viable dags retrieved from /opt/airflow/dags/new_dag_postgres.py
[2025-04-08T11:07:23.191+0000] {processor.py:208} INFO - Processing /opt/airflow/dags/new_dag_postgres.py took 0.065 seconds
[2025-04-08T11:07:53.440+0000] {processor.py:186} INFO - Started process (PID=235) to work on /opt/airflow/dags/new_dag_postgres.py
[2025-04-08T11:07:53.442+0000] {processor.py:914} INFO - Processing file /opt/airflow/dags/new_dag_postgres.py for tasks to queue
[2025-04-08T11:07:53.445+0000] {logging_mixin.py:190} INFO - [2025-04-08T11:07:53.445+0000] {dagbag.py:588} INFO - Filling up the DagBag from /opt/airflow/dags/new_dag_postgres.py
[2025-04-08T11:07:53.467+0000] {logging_mixin.py:190} INFO - [2025-04-08T11:07:53.457+0000] {dagbag.py:387} ERROR - Failed to import: /opt/airflow/dags/new_dag_postgres.py
Traceback (most recent call last):
  File "/home/airflow/.local/lib/python3.12/site-packages/airflow/utils/deprecation_tools.py", line 56, in getattr_with_deprecation
    return getattr(importlib.import_module(new_module), new_class_name)
                   ^^^^^^^^^^^^^^^^^^^^^^^^^^^^^^^^^^^
  File "/usr/local/lib/python3.12/importlib/__init__.py", line 90, in import_module
    return _bootstrap._gcd_import(name[level:], package, level)
           ^^^^^^^^^^^^^^^^^^^^^^^^^^^^^^^^^^^^^^^^^^^^^^^^^^^^
  File "<frozen importlib._bootstrap>", line 1387, in _gcd_import
  File "<frozen importlib._bootstrap>", line 1360, in _find_and_load
  File "<frozen importlib._bootstrap>", line 1310, in _find_and_load_unlocked
  File "<frozen importlib._bootstrap>", line 488, in _call_with_frames_removed
  File "<frozen importlib._bootstrap>", line 1387, in _gcd_import
  File "<frozen importlib._bootstrap>", line 1360, in _find_and_load
  File "<frozen importlib._bootstrap>", line 1324, in _find_and_load_unlocked
ModuleNotFoundError: No module named 'airflow.providers.postgres.operators'

The above exception was the direct cause of the following exception:

Traceback (most recent call last):
  File "/home/airflow/.local/lib/python3.12/site-packages/airflow/models/dagbag.py", line 383, in parse
    loader.exec_module(new_module)
  File "<frozen importlib._bootstrap_external>", line 999, in exec_module
  File "<frozen importlib._bootstrap>", line 488, in _call_with_frames_removed
  File "/opt/airflow/dags/new_dag_postgres.py", line 3, in <module>
    from airflow.operators.postgres_operator import PostgresOperator
  File "/home/airflow/.local/lib/python3.12/site-packages/airflow/utils/deprecation_tools.py", line 63, in getattr_with_deprecation
    raise ImportError(error_message) from e
ImportError: Could not import `airflow.providers.postgres.operators.postgres.PostgresOperator` while trying to import `airflow.operators.postgres_operator.PostgresOperator`.
[2025-04-08T11:07:53.469+0000] {processor.py:927} WARNING - No viable dags retrieved from /opt/airflow/dags/new_dag_postgres.py
[2025-04-08T11:07:53.482+0000] {processor.py:208} INFO - Processing /opt/airflow/dags/new_dag_postgres.py took 0.053 seconds
[2025-04-08T11:08:24.481+0000] {processor.py:186} INFO - Started process (PID=281) to work on /opt/airflow/dags/new_dag_postgres.py
[2025-04-08T11:08:24.483+0000] {processor.py:914} INFO - Processing file /opt/airflow/dags/new_dag_postgres.py for tasks to queue
[2025-04-08T11:08:24.486+0000] {logging_mixin.py:190} INFO - [2025-04-08T11:08:24.486+0000] {dagbag.py:588} INFO - Filling up the DagBag from /opt/airflow/dags/new_dag_postgres.py
[2025-04-08T11:08:24.495+0000] {logging_mixin.py:190} INFO - [2025-04-08T11:08:24.493+0000] {dagbag.py:387} ERROR - Failed to import: /opt/airflow/dags/new_dag_postgres.py
Traceback (most recent call last):
  File "/home/airflow/.local/lib/python3.12/site-packages/airflow/utils/deprecation_tools.py", line 56, in getattr_with_deprecation
    return getattr(importlib.import_module(new_module), new_class_name)
                   ^^^^^^^^^^^^^^^^^^^^^^^^^^^^^^^^^^^
  File "/usr/local/lib/python3.12/importlib/__init__.py", line 90, in import_module
    return _bootstrap._gcd_import(name[level:], package, level)
           ^^^^^^^^^^^^^^^^^^^^^^^^^^^^^^^^^^^^^^^^^^^^^^^^^^^^
  File "<frozen importlib._bootstrap>", line 1387, in _gcd_import
  File "<frozen importlib._bootstrap>", line 1360, in _find_and_load
  File "<frozen importlib._bootstrap>", line 1310, in _find_and_load_unlocked
  File "<frozen importlib._bootstrap>", line 488, in _call_with_frames_removed
  File "<frozen importlib._bootstrap>", line 1387, in _gcd_import
  File "<frozen importlib._bootstrap>", line 1360, in _find_and_load
  File "<frozen importlib._bootstrap>", line 1324, in _find_and_load_unlocked
ModuleNotFoundError: No module named 'airflow.providers.postgres.operators'

The above exception was the direct cause of the following exception:

Traceback (most recent call last):
  File "/home/airflow/.local/lib/python3.12/site-packages/airflow/models/dagbag.py", line 383, in parse
    loader.exec_module(new_module)
  File "<frozen importlib._bootstrap_external>", line 999, in exec_module
  File "<frozen importlib._bootstrap>", line 488, in _call_with_frames_removed
  File "/opt/airflow/dags/new_dag_postgres.py", line 3, in <module>
    from airflow.operators.postgres_operator import PostgresOperator
  File "/home/airflow/.local/lib/python3.12/site-packages/airflow/utils/deprecation_tools.py", line 63, in getattr_with_deprecation
    raise ImportError(error_message) from e
ImportError: Could not import `airflow.providers.postgres.operators.postgres.PostgresOperator` while trying to import `airflow.operators.postgres_operator.PostgresOperator`.
[2025-04-08T11:08:24.498+0000] {processor.py:927} WARNING - No viable dags retrieved from /opt/airflow/dags/new_dag_postgres.py
[2025-04-08T11:08:24.517+0000] {processor.py:208} INFO - Processing /opt/airflow/dags/new_dag_postgres.py took 0.041 seconds
[2025-04-08T11:08:55.453+0000] {processor.py:186} INFO - Started process (PID=323) to work on /opt/airflow/dags/new_dag_postgres.py
[2025-04-08T11:08:55.454+0000] {processor.py:914} INFO - Processing file /opt/airflow/dags/new_dag_postgres.py for tasks to queue
[2025-04-08T11:08:55.456+0000] {logging_mixin.py:190} INFO - [2025-04-08T11:08:55.456+0000] {dagbag.py:588} INFO - Filling up the DagBag from /opt/airflow/dags/new_dag_postgres.py
[2025-04-08T11:08:55.466+0000] {logging_mixin.py:190} INFO - [2025-04-08T11:08:55.463+0000] {dagbag.py:387} ERROR - Failed to import: /opt/airflow/dags/new_dag_postgres.py
Traceback (most recent call last):
  File "/home/airflow/.local/lib/python3.12/site-packages/airflow/utils/deprecation_tools.py", line 56, in getattr_with_deprecation
    return getattr(importlib.import_module(new_module), new_class_name)
                   ^^^^^^^^^^^^^^^^^^^^^^^^^^^^^^^^^^^
  File "/usr/local/lib/python3.12/importlib/__init__.py", line 90, in import_module
    return _bootstrap._gcd_import(name[level:], package, level)
           ^^^^^^^^^^^^^^^^^^^^^^^^^^^^^^^^^^^^^^^^^^^^^^^^^^^^
  File "<frozen importlib._bootstrap>", line 1387, in _gcd_import
  File "<frozen importlib._bootstrap>", line 1360, in _find_and_load
  File "<frozen importlib._bootstrap>", line 1310, in _find_and_load_unlocked
  File "<frozen importlib._bootstrap>", line 488, in _call_with_frames_removed
  File "<frozen importlib._bootstrap>", line 1387, in _gcd_import
  File "<frozen importlib._bootstrap>", line 1360, in _find_and_load
  File "<frozen importlib._bootstrap>", line 1324, in _find_and_load_unlocked
ModuleNotFoundError: No module named 'airflow.providers.postgres.operators'

The above exception was the direct cause of the following exception:

Traceback (most recent call last):
  File "/home/airflow/.local/lib/python3.12/site-packages/airflow/models/dagbag.py", line 383, in parse
    loader.exec_module(new_module)
  File "<frozen importlib._bootstrap_external>", line 999, in exec_module
  File "<frozen importlib._bootstrap>", line 488, in _call_with_frames_removed
  File "/opt/airflow/dags/new_dag_postgres.py", line 3, in <module>
    from airflow.operators.postgres_operator import PostgresOperator
  File "/home/airflow/.local/lib/python3.12/site-packages/airflow/utils/deprecation_tools.py", line 63, in getattr_with_deprecation
    raise ImportError(error_message) from e
ImportError: Could not import `airflow.providers.postgres.operators.postgres.PostgresOperator` while trying to import `airflow.operators.postgres_operator.PostgresOperator`.
[2025-04-08T11:08:55.466+0000] {processor.py:927} WARNING - No viable dags retrieved from /opt/airflow/dags/new_dag_postgres.py
[2025-04-08T11:08:55.481+0000] {processor.py:208} INFO - Processing /opt/airflow/dags/new_dag_postgres.py took 0.032 seconds
[2025-04-08T11:09:26.272+0000] {processor.py:186} INFO - Started process (PID=363) to work on /opt/airflow/dags/new_dag_postgres.py
[2025-04-08T11:09:26.274+0000] {processor.py:914} INFO - Processing file /opt/airflow/dags/new_dag_postgres.py for tasks to queue
[2025-04-08T11:09:26.276+0000] {logging_mixin.py:190} INFO - [2025-04-08T11:09:26.276+0000] {dagbag.py:588} INFO - Filling up the DagBag from /opt/airflow/dags/new_dag_postgres.py
[2025-04-08T11:09:26.284+0000] {logging_mixin.py:190} INFO - [2025-04-08T11:09:26.282+0000] {dagbag.py:387} ERROR - Failed to import: /opt/airflow/dags/new_dag_postgres.py
Traceback (most recent call last):
  File "/home/airflow/.local/lib/python3.12/site-packages/airflow/utils/deprecation_tools.py", line 56, in getattr_with_deprecation
    return getattr(importlib.import_module(new_module), new_class_name)
                   ^^^^^^^^^^^^^^^^^^^^^^^^^^^^^^^^^^^
  File "/usr/local/lib/python3.12/importlib/__init__.py", line 90, in import_module
    return _bootstrap._gcd_import(name[level:], package, level)
           ^^^^^^^^^^^^^^^^^^^^^^^^^^^^^^^^^^^^^^^^^^^^^^^^^^^^
  File "<frozen importlib._bootstrap>", line 1387, in _gcd_import
  File "<frozen importlib._bootstrap>", line 1360, in _find_and_load
  File "<frozen importlib._bootstrap>", line 1310, in _find_and_load_unlocked
  File "<frozen importlib._bootstrap>", line 488, in _call_with_frames_removed
  File "<frozen importlib._bootstrap>", line 1387, in _gcd_import
  File "<frozen importlib._bootstrap>", line 1360, in _find_and_load
  File "<frozen importlib._bootstrap>", line 1324, in _find_and_load_unlocked
ModuleNotFoundError: No module named 'airflow.providers.postgres.operators'

The above exception was the direct cause of the following exception:

Traceback (most recent call last):
  File "/home/airflow/.local/lib/python3.12/site-packages/airflow/models/dagbag.py", line 383, in parse
    loader.exec_module(new_module)
  File "<frozen importlib._bootstrap_external>", line 999, in exec_module
  File "<frozen importlib._bootstrap>", line 488, in _call_with_frames_removed
  File "/opt/airflow/dags/new_dag_postgres.py", line 3, in <module>
    from airflow.operators.postgres_operator import PostgresOperator
  File "/home/airflow/.local/lib/python3.12/site-packages/airflow/utils/deprecation_tools.py", line 63, in getattr_with_deprecation
    raise ImportError(error_message) from e
ImportError: Could not import `airflow.providers.postgres.operators.postgres.PostgresOperator` while trying to import `airflow.operators.postgres_operator.PostgresOperator`.
[2025-04-08T11:09:26.284+0000] {processor.py:927} WARNING - No viable dags retrieved from /opt/airflow/dags/new_dag_postgres.py
[2025-04-08T11:09:26.297+0000] {processor.py:208} INFO - Processing /opt/airflow/dags/new_dag_postgres.py took 0.029 seconds
[2025-04-08T11:09:57.370+0000] {processor.py:186} INFO - Started process (PID=404) to work on /opt/airflow/dags/new_dag_postgres.py
[2025-04-08T11:09:57.373+0000] {processor.py:914} INFO - Processing file /opt/airflow/dags/new_dag_postgres.py for tasks to queue
[2025-04-08T11:09:57.375+0000] {logging_mixin.py:190} INFO - [2025-04-08T11:09:57.375+0000] {dagbag.py:588} INFO - Filling up the DagBag from /opt/airflow/dags/new_dag_postgres.py
[2025-04-08T11:09:57.413+0000] {logging_mixin.py:190} INFO - [2025-04-08T11:09:57.408+0000] {dagbag.py:387} ERROR - Failed to import: /opt/airflow/dags/new_dag_postgres.py
Traceback (most recent call last):
  File "/home/airflow/.local/lib/python3.12/site-packages/airflow/utils/deprecation_tools.py", line 56, in getattr_with_deprecation
    return getattr(importlib.import_module(new_module), new_class_name)
                   ^^^^^^^^^^^^^^^^^^^^^^^^^^^^^^^^^^^
  File "/usr/local/lib/python3.12/importlib/__init__.py", line 90, in import_module
    return _bootstrap._gcd_import(name[level:], package, level)
           ^^^^^^^^^^^^^^^^^^^^^^^^^^^^^^^^^^^^^^^^^^^^^^^^^^^^
  File "<frozen importlib._bootstrap>", line 1387, in _gcd_import
  File "<frozen importlib._bootstrap>", line 1360, in _find_and_load
  File "<frozen importlib._bootstrap>", line 1310, in _find_and_load_unlocked
  File "<frozen importlib._bootstrap>", line 488, in _call_with_frames_removed
  File "<frozen importlib._bootstrap>", line 1387, in _gcd_import
  File "<frozen importlib._bootstrap>", line 1360, in _find_and_load
  File "<frozen importlib._bootstrap>", line 1324, in _find_and_load_unlocked
ModuleNotFoundError: No module named 'airflow.providers.postgres.operators'

The above exception was the direct cause of the following exception:

Traceback (most recent call last):
  File "/home/airflow/.local/lib/python3.12/site-packages/airflow/models/dagbag.py", line 383, in parse
    loader.exec_module(new_module)
  File "<frozen importlib._bootstrap_external>", line 999, in exec_module
  File "<frozen importlib._bootstrap>", line 488, in _call_with_frames_removed
  File "/opt/airflow/dags/new_dag_postgres.py", line 3, in <module>
    from airflow.operators.postgres_operator import PostgresOperator
  File "/home/airflow/.local/lib/python3.12/site-packages/airflow/utils/deprecation_tools.py", line 63, in getattr_with_deprecation
    raise ImportError(error_message) from e
ImportError: Could not import `airflow.providers.postgres.operators.postgres.PostgresOperator` while trying to import `airflow.operators.postgres_operator.PostgresOperator`.
[2025-04-08T11:09:57.414+0000] {processor.py:927} WARNING - No viable dags retrieved from /opt/airflow/dags/new_dag_postgres.py
[2025-04-08T11:09:57.446+0000] {processor.py:208} INFO - Processing /opt/airflow/dags/new_dag_postgres.py took 0.084 seconds
[2025-04-08T11:10:28.475+0000] {processor.py:186} INFO - Started process (PID=445) to work on /opt/airflow/dags/new_dag_postgres.py
[2025-04-08T11:10:28.478+0000] {processor.py:914} INFO - Processing file /opt/airflow/dags/new_dag_postgres.py for tasks to queue
[2025-04-08T11:10:28.484+0000] {logging_mixin.py:190} INFO - [2025-04-08T11:10:28.483+0000] {dagbag.py:588} INFO - Filling up the DagBag from /opt/airflow/dags/new_dag_postgres.py
[2025-04-08T11:10:28.492+0000] {logging_mixin.py:190} INFO - [2025-04-08T11:10:28.489+0000] {dagbag.py:387} ERROR - Failed to import: /opt/airflow/dags/new_dag_postgres.py
Traceback (most recent call last):
  File "/home/airflow/.local/lib/python3.12/site-packages/airflow/utils/deprecation_tools.py", line 56, in getattr_with_deprecation
    return getattr(importlib.import_module(new_module), new_class_name)
                   ^^^^^^^^^^^^^^^^^^^^^^^^^^^^^^^^^^^
  File "/usr/local/lib/python3.12/importlib/__init__.py", line 90, in import_module
    return _bootstrap._gcd_import(name[level:], package, level)
           ^^^^^^^^^^^^^^^^^^^^^^^^^^^^^^^^^^^^^^^^^^^^^^^^^^^^
  File "<frozen importlib._bootstrap>", line 1387, in _gcd_import
  File "<frozen importlib._bootstrap>", line 1360, in _find_and_load
  File "<frozen importlib._bootstrap>", line 1310, in _find_and_load_unlocked
  File "<frozen importlib._bootstrap>", line 488, in _call_with_frames_removed
  File "<frozen importlib._bootstrap>", line 1387, in _gcd_import
  File "<frozen importlib._bootstrap>", line 1360, in _find_and_load
  File "<frozen importlib._bootstrap>", line 1324, in _find_and_load_unlocked
ModuleNotFoundError: No module named 'airflow.providers.postgres.operators'

The above exception was the direct cause of the following exception:

Traceback (most recent call last):
  File "/home/airflow/.local/lib/python3.12/site-packages/airflow/models/dagbag.py", line 383, in parse
    loader.exec_module(new_module)
  File "<frozen importlib._bootstrap_external>", line 999, in exec_module
  File "<frozen importlib._bootstrap>", line 488, in _call_with_frames_removed
  File "/opt/airflow/dags/new_dag_postgres.py", line 3, in <module>
    from airflow.operators.postgres_operator import PostgresOperator
  File "/home/airflow/.local/lib/python3.12/site-packages/airflow/utils/deprecation_tools.py", line 63, in getattr_with_deprecation
    raise ImportError(error_message) from e
ImportError: Could not import `airflow.providers.postgres.operators.postgres.PostgresOperator` while trying to import `airflow.operators.postgres_operator.PostgresOperator`.
[2025-04-08T11:10:28.492+0000] {processor.py:927} WARNING - No viable dags retrieved from /opt/airflow/dags/new_dag_postgres.py
[2025-04-08T11:10:28.511+0000] {processor.py:208} INFO - Processing /opt/airflow/dags/new_dag_postgres.py took 0.068 seconds
[2025-04-08T11:10:59.589+0000] {processor.py:186} INFO - Started process (PID=486) to work on /opt/airflow/dags/new_dag_postgres.py
[2025-04-08T11:10:59.593+0000] {processor.py:914} INFO - Processing file /opt/airflow/dags/new_dag_postgres.py for tasks to queue
[2025-04-08T11:10:59.597+0000] {logging_mixin.py:190} INFO - [2025-04-08T11:10:59.596+0000] {dagbag.py:588} INFO - Filling up the DagBag from /opt/airflow/dags/new_dag_postgres.py
[2025-04-08T11:10:59.608+0000] {logging_mixin.py:190} INFO - [2025-04-08T11:10:59.602+0000] {dagbag.py:387} ERROR - Failed to import: /opt/airflow/dags/new_dag_postgres.py
Traceback (most recent call last):
  File "/home/airflow/.local/lib/python3.12/site-packages/airflow/utils/deprecation_tools.py", line 56, in getattr_with_deprecation
    return getattr(importlib.import_module(new_module), new_class_name)
                   ^^^^^^^^^^^^^^^^^^^^^^^^^^^^^^^^^^^
  File "/usr/local/lib/python3.12/importlib/__init__.py", line 90, in import_module
    return _bootstrap._gcd_import(name[level:], package, level)
           ^^^^^^^^^^^^^^^^^^^^^^^^^^^^^^^^^^^^^^^^^^^^^^^^^^^^
  File "<frozen importlib._bootstrap>", line 1387, in _gcd_import
  File "<frozen importlib._bootstrap>", line 1360, in _find_and_load
  File "<frozen importlib._bootstrap>", line 1310, in _find_and_load_unlocked
  File "<frozen importlib._bootstrap>", line 488, in _call_with_frames_removed
  File "<frozen importlib._bootstrap>", line 1387, in _gcd_import
  File "<frozen importlib._bootstrap>", line 1360, in _find_and_load
  File "<frozen importlib._bootstrap>", line 1324, in _find_and_load_unlocked
ModuleNotFoundError: No module named 'airflow.providers.postgres.operators'

The above exception was the direct cause of the following exception:

Traceback (most recent call last):
  File "/home/airflow/.local/lib/python3.12/site-packages/airflow/models/dagbag.py", line 383, in parse
    loader.exec_module(new_module)
  File "<frozen importlib._bootstrap_external>", line 999, in exec_module
  File "<frozen importlib._bootstrap>", line 488, in _call_with_frames_removed
  File "/opt/airflow/dags/new_dag_postgres.py", line 3, in <module>
    from airflow.operators.postgres_operator import PostgresOperator
  File "/home/airflow/.local/lib/python3.12/site-packages/airflow/utils/deprecation_tools.py", line 63, in getattr_with_deprecation
    raise ImportError(error_message) from e
ImportError: Could not import `airflow.providers.postgres.operators.postgres.PostgresOperator` while trying to import `airflow.operators.postgres_operator.PostgresOperator`.
[2025-04-08T11:10:59.610+0000] {processor.py:927} WARNING - No viable dags retrieved from /opt/airflow/dags/new_dag_postgres.py
[2025-04-08T11:10:59.639+0000] {processor.py:208} INFO - Processing /opt/airflow/dags/new_dag_postgres.py took 0.061 seconds
[2025-04-08T11:11:30.654+0000] {processor.py:186} INFO - Started process (PID=527) to work on /opt/airflow/dags/new_dag_postgres.py
[2025-04-08T11:11:30.658+0000] {processor.py:914} INFO - Processing file /opt/airflow/dags/new_dag_postgres.py for tasks to queue
[2025-04-08T11:11:30.661+0000] {logging_mixin.py:190} INFO - [2025-04-08T11:11:30.660+0000] {dagbag.py:588} INFO - Filling up the DagBag from /opt/airflow/dags/new_dag_postgres.py
[2025-04-08T11:11:30.676+0000] {logging_mixin.py:190} INFO - [2025-04-08T11:11:30.673+0000] {dagbag.py:387} ERROR - Failed to import: /opt/airflow/dags/new_dag_postgres.py
Traceback (most recent call last):
  File "/home/airflow/.local/lib/python3.12/site-packages/airflow/utils/deprecation_tools.py", line 56, in getattr_with_deprecation
    return getattr(importlib.import_module(new_module), new_class_name)
                   ^^^^^^^^^^^^^^^^^^^^^^^^^^^^^^^^^^^
  File "/usr/local/lib/python3.12/importlib/__init__.py", line 90, in import_module
    return _bootstrap._gcd_import(name[level:], package, level)
           ^^^^^^^^^^^^^^^^^^^^^^^^^^^^^^^^^^^^^^^^^^^^^^^^^^^^
  File "<frozen importlib._bootstrap>", line 1387, in _gcd_import
  File "<frozen importlib._bootstrap>", line 1360, in _find_and_load
  File "<frozen importlib._bootstrap>", line 1310, in _find_and_load_unlocked
  File "<frozen importlib._bootstrap>", line 488, in _call_with_frames_removed
  File "<frozen importlib._bootstrap>", line 1387, in _gcd_import
  File "<frozen importlib._bootstrap>", line 1360, in _find_and_load
  File "<frozen importlib._bootstrap>", line 1324, in _find_and_load_unlocked
ModuleNotFoundError: No module named 'airflow.providers.postgres.operators'

The above exception was the direct cause of the following exception:

Traceback (most recent call last):
  File "/home/airflow/.local/lib/python3.12/site-packages/airflow/models/dagbag.py", line 383, in parse
    loader.exec_module(new_module)
  File "<frozen importlib._bootstrap_external>", line 999, in exec_module
  File "<frozen importlib._bootstrap>", line 488, in _call_with_frames_removed
  File "/opt/airflow/dags/new_dag_postgres.py", line 3, in <module>
    from airflow.operators.postgres_operator import PostgresOperator
  File "/home/airflow/.local/lib/python3.12/site-packages/airflow/utils/deprecation_tools.py", line 63, in getattr_with_deprecation
    raise ImportError(error_message) from e
ImportError: Could not import `airflow.providers.postgres.operators.postgres.PostgresOperator` while trying to import `airflow.operators.postgres_operator.PostgresOperator`.
[2025-04-08T11:11:30.679+0000] {processor.py:927} WARNING - No viable dags retrieved from /opt/airflow/dags/new_dag_postgres.py
[2025-04-08T11:11:30.702+0000] {processor.py:208} INFO - Processing /opt/airflow/dags/new_dag_postgres.py took 0.055 seconds
[2025-04-08T11:12:01.757+0000] {processor.py:186} INFO - Started process (PID=568) to work on /opt/airflow/dags/new_dag_postgres.py
[2025-04-08T11:12:01.759+0000] {processor.py:914} INFO - Processing file /opt/airflow/dags/new_dag_postgres.py for tasks to queue
[2025-04-08T11:12:01.762+0000] {logging_mixin.py:190} INFO - [2025-04-08T11:12:01.762+0000] {dagbag.py:588} INFO - Filling up the DagBag from /opt/airflow/dags/new_dag_postgres.py
[2025-04-08T11:12:01.775+0000] {logging_mixin.py:190} INFO - [2025-04-08T11:12:01.770+0000] {dagbag.py:387} ERROR - Failed to import: /opt/airflow/dags/new_dag_postgres.py
Traceback (most recent call last):
  File "/home/airflow/.local/lib/python3.12/site-packages/airflow/utils/deprecation_tools.py", line 56, in getattr_with_deprecation
    return getattr(importlib.import_module(new_module), new_class_name)
                   ^^^^^^^^^^^^^^^^^^^^^^^^^^^^^^^^^^^
  File "/usr/local/lib/python3.12/importlib/__init__.py", line 90, in import_module
    return _bootstrap._gcd_import(name[level:], package, level)
           ^^^^^^^^^^^^^^^^^^^^^^^^^^^^^^^^^^^^^^^^^^^^^^^^^^^^
  File "<frozen importlib._bootstrap>", line 1387, in _gcd_import
  File "<frozen importlib._bootstrap>", line 1360, in _find_and_load
  File "<frozen importlib._bootstrap>", line 1310, in _find_and_load_unlocked
  File "<frozen importlib._bootstrap>", line 488, in _call_with_frames_removed
  File "<frozen importlib._bootstrap>", line 1387, in _gcd_import
  File "<frozen importlib._bootstrap>", line 1360, in _find_and_load
  File "<frozen importlib._bootstrap>", line 1324, in _find_and_load_unlocked
ModuleNotFoundError: No module named 'airflow.providers.postgres.operators'

The above exception was the direct cause of the following exception:

Traceback (most recent call last):
  File "/home/airflow/.local/lib/python3.12/site-packages/airflow/models/dagbag.py", line 383, in parse
    loader.exec_module(new_module)
  File "<frozen importlib._bootstrap_external>", line 999, in exec_module
  File "<frozen importlib._bootstrap>", line 488, in _call_with_frames_removed
  File "/opt/airflow/dags/new_dag_postgres.py", line 3, in <module>
    from airflow.operators.postgres_operator import PostgresOperator
  File "/home/airflow/.local/lib/python3.12/site-packages/airflow/utils/deprecation_tools.py", line 63, in getattr_with_deprecation
    raise ImportError(error_message) from e
ImportError: Could not import `airflow.providers.postgres.operators.postgres.PostgresOperator` while trying to import `airflow.operators.postgres_operator.PostgresOperator`.
[2025-04-08T11:12:01.776+0000] {processor.py:927} WARNING - No viable dags retrieved from /opt/airflow/dags/new_dag_postgres.py
[2025-04-08T11:12:01.799+0000] {processor.py:208} INFO - Processing /opt/airflow/dags/new_dag_postgres.py took 0.055 seconds
[2025-04-08T11:12:32.827+0000] {processor.py:186} INFO - Started process (PID=609) to work on /opt/airflow/dags/new_dag_postgres.py
[2025-04-08T11:12:32.828+0000] {processor.py:914} INFO - Processing file /opt/airflow/dags/new_dag_postgres.py for tasks to queue
[2025-04-08T11:12:32.837+0000] {logging_mixin.py:190} INFO - [2025-04-08T11:12:32.836+0000] {dagbag.py:588} INFO - Filling up the DagBag from /opt/airflow/dags/new_dag_postgres.py
[2025-04-08T11:12:32.854+0000] {logging_mixin.py:190} INFO - [2025-04-08T11:12:32.851+0000] {dagbag.py:387} ERROR - Failed to import: /opt/airflow/dags/new_dag_postgres.py
Traceback (most recent call last):
  File "/home/airflow/.local/lib/python3.12/site-packages/airflow/utils/deprecation_tools.py", line 56, in getattr_with_deprecation
    return getattr(importlib.import_module(new_module), new_class_name)
                   ^^^^^^^^^^^^^^^^^^^^^^^^^^^^^^^^^^^
  File "/usr/local/lib/python3.12/importlib/__init__.py", line 90, in import_module
    return _bootstrap._gcd_import(name[level:], package, level)
           ^^^^^^^^^^^^^^^^^^^^^^^^^^^^^^^^^^^^^^^^^^^^^^^^^^^^
  File "<frozen importlib._bootstrap>", line 1387, in _gcd_import
  File "<frozen importlib._bootstrap>", line 1360, in _find_and_load
  File "<frozen importlib._bootstrap>", line 1310, in _find_and_load_unlocked
  File "<frozen importlib._bootstrap>", line 488, in _call_with_frames_removed
  File "<frozen importlib._bootstrap>", line 1387, in _gcd_import
  File "<frozen importlib._bootstrap>", line 1360, in _find_and_load
  File "<frozen importlib._bootstrap>", line 1324, in _find_and_load_unlocked
ModuleNotFoundError: No module named 'airflow.providers.postgres.operators'

The above exception was the direct cause of the following exception:

Traceback (most recent call last):
  File "/home/airflow/.local/lib/python3.12/site-packages/airflow/models/dagbag.py", line 383, in parse
    loader.exec_module(new_module)
  File "<frozen importlib._bootstrap_external>", line 999, in exec_module
  File "<frozen importlib._bootstrap>", line 488, in _call_with_frames_removed
  File "/opt/airflow/dags/new_dag_postgres.py", line 3, in <module>
    from airflow.operators.postgres_operator import PostgresOperator
  File "/home/airflow/.local/lib/python3.12/site-packages/airflow/utils/deprecation_tools.py", line 63, in getattr_with_deprecation
    raise ImportError(error_message) from e
ImportError: Could not import `airflow.providers.postgres.operators.postgres.PostgresOperator` while trying to import `airflow.operators.postgres_operator.PostgresOperator`.
[2025-04-08T11:12:32.856+0000] {processor.py:927} WARNING - No viable dags retrieved from /opt/airflow/dags/new_dag_postgres.py
[2025-04-08T11:12:32.895+0000] {processor.py:208} INFO - Processing /opt/airflow/dags/new_dag_postgres.py took 0.080 seconds
[2025-04-08T11:13:03.000+0000] {processor.py:186} INFO - Started process (PID=650) to work on /opt/airflow/dags/new_dag_postgres.py
[2025-04-08T11:13:03.002+0000] {processor.py:914} INFO - Processing file /opt/airflow/dags/new_dag_postgres.py for tasks to queue
[2025-04-08T11:13:03.011+0000] {logging_mixin.py:190} INFO - [2025-04-08T11:13:03.008+0000] {dagbag.py:588} INFO - Filling up the DagBag from /opt/airflow/dags/new_dag_postgres.py
[2025-04-08T11:13:03.038+0000] {logging_mixin.py:190} INFO - [2025-04-08T11:13:03.029+0000] {dagbag.py:387} ERROR - Failed to import: /opt/airflow/dags/new_dag_postgres.py
Traceback (most recent call last):
  File "/home/airflow/.local/lib/python3.12/site-packages/airflow/utils/deprecation_tools.py", line 56, in getattr_with_deprecation
    return getattr(importlib.import_module(new_module), new_class_name)
                   ^^^^^^^^^^^^^^^^^^^^^^^^^^^^^^^^^^^
  File "/usr/local/lib/python3.12/importlib/__init__.py", line 90, in import_module
    return _bootstrap._gcd_import(name[level:], package, level)
           ^^^^^^^^^^^^^^^^^^^^^^^^^^^^^^^^^^^^^^^^^^^^^^^^^^^^
  File "<frozen importlib._bootstrap>", line 1387, in _gcd_import
  File "<frozen importlib._bootstrap>", line 1360, in _find_and_load
  File "<frozen importlib._bootstrap>", line 1310, in _find_and_load_unlocked
  File "<frozen importlib._bootstrap>", line 488, in _call_with_frames_removed
  File "<frozen importlib._bootstrap>", line 1387, in _gcd_import
  File "<frozen importlib._bootstrap>", line 1360, in _find_and_load
  File "<frozen importlib._bootstrap>", line 1324, in _find_and_load_unlocked
ModuleNotFoundError: No module named 'airflow.providers.postgres.operators'

The above exception was the direct cause of the following exception:

Traceback (most recent call last):
  File "/home/airflow/.local/lib/python3.12/site-packages/airflow/models/dagbag.py", line 383, in parse
    loader.exec_module(new_module)
  File "<frozen importlib._bootstrap_external>", line 999, in exec_module
  File "<frozen importlib._bootstrap>", line 488, in _call_with_frames_removed
  File "/opt/airflow/dags/new_dag_postgres.py", line 3, in <module>
    from airflow.operators.postgres_operator import PostgresOperator
  File "/home/airflow/.local/lib/python3.12/site-packages/airflow/utils/deprecation_tools.py", line 63, in getattr_with_deprecation
    raise ImportError(error_message) from e
ImportError: Could not import `airflow.providers.postgres.operators.postgres.PostgresOperator` while trying to import `airflow.operators.postgres_operator.PostgresOperator`.
[2025-04-08T11:13:03.042+0000] {processor.py:927} WARNING - No viable dags retrieved from /opt/airflow/dags/new_dag_postgres.py
[2025-04-08T11:13:03.074+0000] {processor.py:208} INFO - Processing /opt/airflow/dags/new_dag_postgres.py took 0.085 seconds
[2025-04-08T11:13:33.139+0000] {processor.py:186} INFO - Started process (PID=690) to work on /opt/airflow/dags/new_dag_postgres.py
[2025-04-08T11:13:33.141+0000] {processor.py:914} INFO - Processing file /opt/airflow/dags/new_dag_postgres.py for tasks to queue
[2025-04-08T11:13:33.147+0000] {logging_mixin.py:190} INFO - [2025-04-08T11:13:33.145+0000] {dagbag.py:588} INFO - Filling up the DagBag from /opt/airflow/dags/new_dag_postgres.py
[2025-04-08T11:13:33.157+0000] {logging_mixin.py:190} INFO - [2025-04-08T11:13:33.154+0000] {dagbag.py:387} ERROR - Failed to import: /opt/airflow/dags/new_dag_postgres.py
Traceback (most recent call last):
  File "/home/airflow/.local/lib/python3.12/site-packages/airflow/utils/deprecation_tools.py", line 56, in getattr_with_deprecation
    return getattr(importlib.import_module(new_module), new_class_name)
                   ^^^^^^^^^^^^^^^^^^^^^^^^^^^^^^^^^^^
  File "/usr/local/lib/python3.12/importlib/__init__.py", line 90, in import_module
    return _bootstrap._gcd_import(name[level:], package, level)
           ^^^^^^^^^^^^^^^^^^^^^^^^^^^^^^^^^^^^^^^^^^^^^^^^^^^^
  File "<frozen importlib._bootstrap>", line 1387, in _gcd_import
  File "<frozen importlib._bootstrap>", line 1360, in _find_and_load
  File "<frozen importlib._bootstrap>", line 1310, in _find_and_load_unlocked
  File "<frozen importlib._bootstrap>", line 488, in _call_with_frames_removed
  File "<frozen importlib._bootstrap>", line 1387, in _gcd_import
  File "<frozen importlib._bootstrap>", line 1360, in _find_and_load
  File "<frozen importlib._bootstrap>", line 1324, in _find_and_load_unlocked
ModuleNotFoundError: No module named 'airflow.providers.postgres.operators'

The above exception was the direct cause of the following exception:

Traceback (most recent call last):
  File "/home/airflow/.local/lib/python3.12/site-packages/airflow/models/dagbag.py", line 383, in parse
    loader.exec_module(new_module)
  File "<frozen importlib._bootstrap_external>", line 999, in exec_module
  File "<frozen importlib._bootstrap>", line 488, in _call_with_frames_removed
  File "/opt/airflow/dags/new_dag_postgres.py", line 3, in <module>
    from airflow.operators.postgres_operator import PostgresOperator
  File "/home/airflow/.local/lib/python3.12/site-packages/airflow/utils/deprecation_tools.py", line 63, in getattr_with_deprecation
    raise ImportError(error_message) from e
ImportError: Could not import `airflow.providers.postgres.operators.postgres.PostgresOperator` while trying to import `airflow.operators.postgres_operator.PostgresOperator`.
[2025-04-08T11:13:33.160+0000] {processor.py:927} WARNING - No viable dags retrieved from /opt/airflow/dags/new_dag_postgres.py
[2025-04-08T11:13:33.197+0000] {processor.py:208} INFO - Processing /opt/airflow/dags/new_dag_postgres.py took 0.069 seconds
[2025-04-08T11:14:04.226+0000] {processor.py:186} INFO - Started process (PID=732) to work on /opt/airflow/dags/new_dag_postgres.py
[2025-04-08T11:14:04.229+0000] {processor.py:914} INFO - Processing file /opt/airflow/dags/new_dag_postgres.py for tasks to queue
[2025-04-08T11:14:04.233+0000] {logging_mixin.py:190} INFO - [2025-04-08T11:14:04.233+0000] {dagbag.py:588} INFO - Filling up the DagBag from /opt/airflow/dags/new_dag_postgres.py
[2025-04-08T11:14:04.254+0000] {logging_mixin.py:190} INFO - [2025-04-08T11:14:04.251+0000] {dagbag.py:387} ERROR - Failed to import: /opt/airflow/dags/new_dag_postgres.py
Traceback (most recent call last):
  File "/home/airflow/.local/lib/python3.12/site-packages/airflow/utils/deprecation_tools.py", line 56, in getattr_with_deprecation
    return getattr(importlib.import_module(new_module), new_class_name)
                   ^^^^^^^^^^^^^^^^^^^^^^^^^^^^^^^^^^^
  File "/usr/local/lib/python3.12/importlib/__init__.py", line 90, in import_module
    return _bootstrap._gcd_import(name[level:], package, level)
           ^^^^^^^^^^^^^^^^^^^^^^^^^^^^^^^^^^^^^^^^^^^^^^^^^^^^
  File "<frozen importlib._bootstrap>", line 1387, in _gcd_import
  File "<frozen importlib._bootstrap>", line 1360, in _find_and_load
  File "<frozen importlib._bootstrap>", line 1310, in _find_and_load_unlocked
  File "<frozen importlib._bootstrap>", line 488, in _call_with_frames_removed
  File "<frozen importlib._bootstrap>", line 1387, in _gcd_import
  File "<frozen importlib._bootstrap>", line 1360, in _find_and_load
  File "<frozen importlib._bootstrap>", line 1324, in _find_and_load_unlocked
ModuleNotFoundError: No module named 'airflow.providers.postgres.operators'

The above exception was the direct cause of the following exception:

Traceback (most recent call last):
  File "/home/airflow/.local/lib/python3.12/site-packages/airflow/models/dagbag.py", line 383, in parse
    loader.exec_module(new_module)
  File "<frozen importlib._bootstrap_external>", line 999, in exec_module
  File "<frozen importlib._bootstrap>", line 488, in _call_with_frames_removed
  File "/opt/airflow/dags/new_dag_postgres.py", line 3, in <module>
    from airflow.operators.postgres_operator import PostgresOperator
  File "/home/airflow/.local/lib/python3.12/site-packages/airflow/utils/deprecation_tools.py", line 63, in getattr_with_deprecation
    raise ImportError(error_message) from e
ImportError: Could not import `airflow.providers.postgres.operators.postgres.PostgresOperator` while trying to import `airflow.operators.postgres_operator.PostgresOperator`.
[2025-04-08T11:14:04.258+0000] {processor.py:927} WARNING - No viable dags retrieved from /opt/airflow/dags/new_dag_postgres.py
[2025-04-08T11:14:04.289+0000] {processor.py:208} INFO - Processing /opt/airflow/dags/new_dag_postgres.py took 0.079 seconds
[2025-04-08T11:14:35.336+0000] {processor.py:186} INFO - Started process (PID=773) to work on /opt/airflow/dags/new_dag_postgres.py
[2025-04-08T11:14:35.340+0000] {processor.py:914} INFO - Processing file /opt/airflow/dags/new_dag_postgres.py for tasks to queue
[2025-04-08T11:14:35.351+0000] {logging_mixin.py:190} INFO - [2025-04-08T11:14:35.350+0000] {dagbag.py:588} INFO - Filling up the DagBag from /opt/airflow/dags/new_dag_postgres.py
[2025-04-08T11:14:35.372+0000] {logging_mixin.py:190} INFO - [2025-04-08T11:14:35.369+0000] {dagbag.py:387} ERROR - Failed to import: /opt/airflow/dags/new_dag_postgres.py
Traceback (most recent call last):
  File "/home/airflow/.local/lib/python3.12/site-packages/airflow/utils/deprecation_tools.py", line 56, in getattr_with_deprecation
    return getattr(importlib.import_module(new_module), new_class_name)
                   ^^^^^^^^^^^^^^^^^^^^^^^^^^^^^^^^^^^
  File "/usr/local/lib/python3.12/importlib/__init__.py", line 90, in import_module
    return _bootstrap._gcd_import(name[level:], package, level)
           ^^^^^^^^^^^^^^^^^^^^^^^^^^^^^^^^^^^^^^^^^^^^^^^^^^^^
  File "<frozen importlib._bootstrap>", line 1387, in _gcd_import
  File "<frozen importlib._bootstrap>", line 1360, in _find_and_load
  File "<frozen importlib._bootstrap>", line 1310, in _find_and_load_unlocked
  File "<frozen importlib._bootstrap>", line 488, in _call_with_frames_removed
  File "<frozen importlib._bootstrap>", line 1387, in _gcd_import
  File "<frozen importlib._bootstrap>", line 1360, in _find_and_load
  File "<frozen importlib._bootstrap>", line 1324, in _find_and_load_unlocked
ModuleNotFoundError: No module named 'airflow.providers.postgres.operators'

The above exception was the direct cause of the following exception:

Traceback (most recent call last):
  File "/home/airflow/.local/lib/python3.12/site-packages/airflow/models/dagbag.py", line 383, in parse
    loader.exec_module(new_module)
  File "<frozen importlib._bootstrap_external>", line 999, in exec_module
  File "<frozen importlib._bootstrap>", line 488, in _call_with_frames_removed
  File "/opt/airflow/dags/new_dag_postgres.py", line 3, in <module>
    from airflow.operators.postgres_operator import PostgresOperator
  File "/home/airflow/.local/lib/python3.12/site-packages/airflow/utils/deprecation_tools.py", line 63, in getattr_with_deprecation
    raise ImportError(error_message) from e
ImportError: Could not import `airflow.providers.postgres.operators.postgres.PostgresOperator` while trying to import `airflow.operators.postgres_operator.PostgresOperator`.
[2025-04-08T11:14:35.373+0000] {processor.py:927} WARNING - No viable dags retrieved from /opt/airflow/dags/new_dag_postgres.py
[2025-04-08T11:14:35.404+0000] {processor.py:208} INFO - Processing /opt/airflow/dags/new_dag_postgres.py took 0.081 seconds
[2025-04-08T11:15:05.486+0000] {processor.py:186} INFO - Started process (PID=814) to work on /opt/airflow/dags/new_dag_postgres.py
[2025-04-08T11:15:05.488+0000] {processor.py:914} INFO - Processing file /opt/airflow/dags/new_dag_postgres.py for tasks to queue
[2025-04-08T11:15:05.493+0000] {logging_mixin.py:190} INFO - [2025-04-08T11:15:05.492+0000] {dagbag.py:588} INFO - Filling up the DagBag from /opt/airflow/dags/new_dag_postgres.py
[2025-04-08T11:15:05.502+0000] {logging_mixin.py:190} INFO - [2025-04-08T11:15:05.497+0000] {dagbag.py:387} ERROR - Failed to import: /opt/airflow/dags/new_dag_postgres.py
Traceback (most recent call last):
  File "/home/airflow/.local/lib/python3.12/site-packages/airflow/utils/deprecation_tools.py", line 56, in getattr_with_deprecation
    return getattr(importlib.import_module(new_module), new_class_name)
                   ^^^^^^^^^^^^^^^^^^^^^^^^^^^^^^^^^^^
  File "/usr/local/lib/python3.12/importlib/__init__.py", line 90, in import_module
    return _bootstrap._gcd_import(name[level:], package, level)
           ^^^^^^^^^^^^^^^^^^^^^^^^^^^^^^^^^^^^^^^^^^^^^^^^^^^^
  File "<frozen importlib._bootstrap>", line 1387, in _gcd_import
  File "<frozen importlib._bootstrap>", line 1360, in _find_and_load
  File "<frozen importlib._bootstrap>", line 1310, in _find_and_load_unlocked
  File "<frozen importlib._bootstrap>", line 488, in _call_with_frames_removed
  File "<frozen importlib._bootstrap>", line 1387, in _gcd_import
  File "<frozen importlib._bootstrap>", line 1360, in _find_and_load
  File "<frozen importlib._bootstrap>", line 1324, in _find_and_load_unlocked
ModuleNotFoundError: No module named 'airflow.providers.postgres.operators'

The above exception was the direct cause of the following exception:

Traceback (most recent call last):
  File "/home/airflow/.local/lib/python3.12/site-packages/airflow/models/dagbag.py", line 383, in parse
    loader.exec_module(new_module)
  File "<frozen importlib._bootstrap_external>", line 999, in exec_module
  File "<frozen importlib._bootstrap>", line 488, in _call_with_frames_removed
  File "/opt/airflow/dags/new_dag_postgres.py", line 3, in <module>
    from airflow.operators.postgres_operator import PostgresOperator
  File "/home/airflow/.local/lib/python3.12/site-packages/airflow/utils/deprecation_tools.py", line 63, in getattr_with_deprecation
    raise ImportError(error_message) from e
ImportError: Could not import `airflow.providers.postgres.operators.postgres.PostgresOperator` while trying to import `airflow.operators.postgres_operator.PostgresOperator`.
[2025-04-08T11:15:05.502+0000] {processor.py:927} WARNING - No viable dags retrieved from /opt/airflow/dags/new_dag_postgres.py
[2025-04-08T11:15:05.530+0000] {processor.py:208} INFO - Processing /opt/airflow/dags/new_dag_postgres.py took 0.058 seconds
[2025-04-08T11:15:36.533+0000] {processor.py:186} INFO - Started process (PID=855) to work on /opt/airflow/dags/new_dag_postgres.py
[2025-04-08T11:15:36.535+0000] {processor.py:914} INFO - Processing file /opt/airflow/dags/new_dag_postgres.py for tasks to queue
[2025-04-08T11:15:36.538+0000] {logging_mixin.py:190} INFO - [2025-04-08T11:15:36.538+0000] {dagbag.py:588} INFO - Filling up the DagBag from /opt/airflow/dags/new_dag_postgres.py
[2025-04-08T11:15:36.546+0000] {logging_mixin.py:190} INFO - [2025-04-08T11:15:36.543+0000] {dagbag.py:387} ERROR - Failed to import: /opt/airflow/dags/new_dag_postgres.py
Traceback (most recent call last):
  File "/home/airflow/.local/lib/python3.12/site-packages/airflow/utils/deprecation_tools.py", line 56, in getattr_with_deprecation
    return getattr(importlib.import_module(new_module), new_class_name)
                   ^^^^^^^^^^^^^^^^^^^^^^^^^^^^^^^^^^^
  File "/usr/local/lib/python3.12/importlib/__init__.py", line 90, in import_module
    return _bootstrap._gcd_import(name[level:], package, level)
           ^^^^^^^^^^^^^^^^^^^^^^^^^^^^^^^^^^^^^^^^^^^^^^^^^^^^
  File "<frozen importlib._bootstrap>", line 1387, in _gcd_import
  File "<frozen importlib._bootstrap>", line 1360, in _find_and_load
  File "<frozen importlib._bootstrap>", line 1310, in _find_and_load_unlocked
  File "<frozen importlib._bootstrap>", line 488, in _call_with_frames_removed
  File "<frozen importlib._bootstrap>", line 1387, in _gcd_import
  File "<frozen importlib._bootstrap>", line 1360, in _find_and_load
  File "<frozen importlib._bootstrap>", line 1324, in _find_and_load_unlocked
ModuleNotFoundError: No module named 'airflow.providers.postgres.operators'

The above exception was the direct cause of the following exception:

Traceback (most recent call last):
  File "/home/airflow/.local/lib/python3.12/site-packages/airflow/models/dagbag.py", line 383, in parse
    loader.exec_module(new_module)
  File "<frozen importlib._bootstrap_external>", line 999, in exec_module
  File "<frozen importlib._bootstrap>", line 488, in _call_with_frames_removed
  File "/opt/airflow/dags/new_dag_postgres.py", line 3, in <module>
    from airflow.operators.postgres_operator import PostgresOperator
  File "/home/airflow/.local/lib/python3.12/site-packages/airflow/utils/deprecation_tools.py", line 63, in getattr_with_deprecation
    raise ImportError(error_message) from e
ImportError: Could not import `airflow.providers.postgres.operators.postgres.PostgresOperator` while trying to import `airflow.operators.postgres_operator.PostgresOperator`.
[2025-04-08T11:15:36.547+0000] {processor.py:927} WARNING - No viable dags retrieved from /opt/airflow/dags/new_dag_postgres.py
[2025-04-08T11:15:36.567+0000] {processor.py:208} INFO - Processing /opt/airflow/dags/new_dag_postgres.py took 0.040 seconds
